This is pdfTeX, Version 3.14159265-2.6-1.40.16 (TeX Live 2015/Debian) (preloaded format=pdflatex 2018.7.9)  9 JUL 2018 10:04
entering extended mode
 restricted \write18 enabled.
 file:line:error style messages enabled.
 %&-line parsing enabled.
**Einleitung.tex
(./Einleitung.tex
LaTeX2e <2016/02/01>
Babel <3.9q> and hyphenation patterns for 8 language(s) loaded.
./Einleitung.tex:1: Undefined control sequence.
l.1 \section
            *{Einleitung} 
Here is how much of TeX's memory you used:
 6 strings out of 494901
 256 string characters out of 6178618
 46064 words of memory out of 5000000
 3406 multiletter control sequences out of 15000+600000
 3640 words of font info for 14 fonts, out of 8000000 for 9000
 14 hyphenation exceptions out of 8191
 5i,0n,1p,38b,8s stack positions out of 5000i,500n,10000p,200000b,80000s

./Einleitung.tex:1:  ==> Fatal error occurred, no output PDF file produced!
